<?xml version="1.0" encoding="UTF-8"?>
<coverage generated="1514478102159" clover="3.2.0">
  <project timestamp="1514478102159" name="All files">
    <metrics statements="94" coveredstatements="65" conditionals="66" coveredconditionals="49" methods="42" coveredmethods="25" elements="202" coveredelements="139" complexity="0" loc="94" ncloc="94" packages="6" files="14" classes="14">
      <package name="actions">
        <metrics statements="10" coveredstatements="10" conditionals="6" coveredconditionals="5" methods="8" coveredmethods="8"/>
        <file name="expenses.js" path="/home/pawelsrebrny/public_html/the-complete-react-web-developer-course/expensify-app/src/actions/expenses.js">
          <metrics statements="5" coveredstatements="5" conditionals="5" coveredconditionals="4" methods="3" coveredmethods="3"/>
          <line num="3" count="4" type="cond" truecount="4" falsecount="0"/>
          <line num="5" count="2" type="stmt"/>
          <line num="17" count="4" type="cond" truecount="0" falsecount="1"/>
          <line num="18" count="1" type="stmt"/>
          <line num="24" count="4" type="stmt"/>
        </file>
        <file name="filters.js" path="/home/pawelsrebrny/public_html/the-complete-react-web-developer-course/expensify-app/src/actions/filters.js">
          <metrics statements="5" coveredstatements="5" conditionals="1" coveredconditionals="1" methods="5" coveredmethods="5"/>
          <line num="2" count="2" type="cond" truecount="1" falsecount="0"/>
          <line num="8" count="2" type="stmt"/>
          <line num="13" count="2" type="stmt"/>
          <line num="18" count="2" type="stmt"/>
          <line num="24" count="2" type="stmt"/>
        </file>
      </package>
      <package name="components">
        <metrics statements="25" coveredstatements="12" conditionals="24" coveredconditionals="14" methods="12" coveredmethods="6"/>
        <file name="DashboardPage.js" path="/home/pawelsrebrny/public_html/the-complete-react-web-developer-course/expensify-app/src/components/DashboardPage.js">
          <metrics statements="2" coveredstatements="2" conditionals="0" coveredconditionals="0" methods="1" coveredmethods="1"/>
          <line num="5" count="1" type="stmt"/>
          <line num="6" count="1" type="stmt"/>
        </file>
        <file name="ExpenseForm.js" path="/home/pawelsrebrny/public_html/the-complete-react-web-developer-course/expensify-app/src/components/ExpenseForm.js">
          <metrics statements="19" coveredstatements="6" conditionals="24" coveredconditionals="14" methods="9" coveredmethods="3"/>
          <line num="9" count="3" type="stmt"/>
          <line num="10" count="3" type="stmt"/>
          <line num="22" count="0" type="stmt"/>
          <line num="23" count="0" type="stmt"/>
          <line num="27" count="0" type="stmt"/>
          <line num="28" count="0" type="cond" truecount="0" falsecount="4"/>
          <line num="29" count="0" type="stmt"/>
          <line num="35" count="0" type="stmt"/>
          <line num="36" count="0" type="stmt"/>
          <line num="40" count="0" type="cond" truecount="0" falsecount="2"/>
          <line num="41" count="0" type="stmt"/>
          <line num="46" count="0" type="stmt"/>
          <line num="50" count="1" type="stmt"/>
          <line num="52" count="1" type="cond" truecount="2" falsecount="4"/>
          <line num="53" count="1" type="stmt"/>
          <line num="55" count="0" type="stmt"/>
          <line num="56" count="0" type="stmt"/>
          <line num="69" count="4" type="stmt"/>
          <line num="92" count="0" type="stmt"/>
        </file>
        <file name="Header.js" path="/home/pawelsrebrny/public_html/the-complete-react-web-developer-course/expensify-app/src/components/Header.js">
          <metrics statements="2" coveredstatements="2" conditionals="0" coveredconditionals="0" methods="1" coveredmethods="1"/>
          <line num="4" count="1" type="stmt"/>
          <line num="5" count="1" type="stmt"/>
        </file>
        <file name="NotFoundPage.js" path="/home/pawelsrebrny/public_html/the-complete-react-web-developer-course/expensify-app/src/components/NotFoundPage.js">
          <metrics statements="2" coveredstatements="2" conditionals="0" coveredconditionals="0" methods="1" coveredmethods="1"/>
          <line num="4" count="1" type="stmt"/>
          <line num="5" count="1" type="stmt"/>
        </file>
      </package>
      <package name="containers">
        <metrics statements="30" coveredstatements="15" conditionals="6" coveredconditionals="2" methods="15" coveredmethods="4"/>
        <file name="ExpenseList.js" path="/home/pawelsrebrny/public_html/the-complete-react-web-developer-course/expensify-app/src/containers/ExpenseList.js">
          <metrics statements="8" coveredstatements="7" conditionals="2" coveredconditionals="2" methods="4" coveredmethods="3"/>
          <line num="6" count="2" type="stmt"/>
          <line num="8" count="2" type="stmt"/>
          <line num="9" count="1" type="stmt"/>
          <line num="10" count="3" type="stmt"/>
          <line num="14" count="2" type="stmt"/>
          <line num="28" count="2" type="stmt"/>
          <line num="29" count="0" type="stmt"/>
          <line num="34" count="2" type="stmt"/>
        </file>
        <file name="ExpenseListFilters.js" path="/home/pawelsrebrny/public_html/the-complete-react-web-developer-course/expensify-app/src/containers/ExpenseListFilters.js">
          <metrics statements="15" coveredstatements="3" conditionals="4" coveredconditionals="0" methods="8" coveredmethods="0"/>
          <line num="14" count="0" type="stmt"/>
          <line num="15" count="0" type="stmt"/>
          <line num="19" count="0" type="stmt"/>
          <line num="25" count="0" type="stmt"/>
          <line num="31" count="0" type="stmt"/>
          <line num="36" count="0" type="cond" truecount="0" falsecount="2"/>
          <line num="37" count="0" type="stmt"/>
          <line num="38" count="0" type="cond" truecount="0" falsecount="2"/>
          <line num="39" count="0" type="stmt"/>
          <line num="53" count="0" type="stmt"/>
          <line num="63" count="1" type="stmt"/>
          <line num="64" count="0" type="stmt"/>
          <line num="69" count="1" type="stmt"/>
          <line num="70" count="0" type="stmt"/>
          <line num="79" count="1" type="stmt"/>
        </file>
        <file name="ExpenseListItem.js" path="/home/pawelsrebrny/public_html/the-complete-react-web-developer-course/expensify-app/src/containers/ExpenseListItem.js">
          <metrics statements="7" coveredstatements="5" conditionals="0" coveredconditionals="0" methods="3" coveredmethods="1"/>
          <line num="7" count="3" type="stmt"/>
          <line num="8" count="2" type="stmt"/>
          <line num="9" count="2" type="stmt"/>
          <line num="15" count="0" type="stmt"/>
          <line num="20" count="3" type="stmt"/>
          <line num="21" count="0" type="stmt"/>
          <line num="26" count="3" type="stmt"/>
        </file>
      </package>
      <package name="reducers">
        <metrics statements="18" coveredstatements="17" conditionals="15" coveredconditionals="14" methods="4" coveredmethods="4"/>
        <file name="expenses.js" path="/home/pawelsrebrny/public_html/the-complete-react-web-developer-course/expensify-app/src/reducers/expenses.js">
          <metrics statements="10" coveredstatements="9" conditionals="8" coveredconditionals="7" methods="3" coveredmethods="3"/>
          <line num="3" count="1" type="stmt"/>
          <line num="6" count="6" type="cond" truecount="4" falsecount="1"/>
          <line num="8" count="1" type="stmt"/>
          <line num="13" count="6" type="stmt"/>
          <line num="15" count="2" type="stmt"/>
          <line num="16" count="6" type="cond" truecount="2" falsecount="0"/>
          <line num="17" count="1" type="stmt"/>
          <line num="22" count="5" type="stmt"/>
          <line num="26" count="0" type="stmt"/>
          <line num="28" count="1" type="stmt"/>
        </file>
        <file name="filters.js" path="/home/pawelsrebrny/public_html/the-complete-react-web-developer-course/expensify-app/src/reducers/filters.js">
          <metrics statements="8" coveredstatements="8" conditionals="7" coveredconditionals="7" methods="1" coveredmethods="1"/>
          <line num="5" count="1" type="stmt"/>
          <line num="13" count="6" type="cond" truecount="6" falsecount="0"/>
          <line num="15" count="1" type="stmt"/>
          <line num="20" count="1" type="stmt"/>
          <line num="25" count="1" type="stmt"/>
          <line num="30" count="1" type="stmt"/>
          <line num="35" count="1" type="stmt"/>
          <line num="40" count="1" type="stmt"/>
        </file>
      </package>
      <package name="selectors">
        <metrics statements="10" coveredstatements="10" conditionals="15" coveredconditionals="14" methods="3" coveredmethods="3"/>
        <file name="expenses.js" path="/home/pawelsrebrny/public_html/the-complete-react-web-developer-course/expensify-app/src/selectors/expenses.js">
          <metrics statements="10" coveredstatements="10" conditionals="15" coveredconditionals="14" methods="3" coveredmethods="3"/>
          <line num="6" count="5" type="stmt"/>
          <line num="7" count="15" type="stmt"/>
          <line num="8" count="15" type="cond" truecount="2" falsecount="0"/>
          <line num="9" count="15" type="cond" truecount="2" falsecount="0"/>
          <line num="10" count="15" type="stmt"/>
          <line num="12" count="15" type="cond" truecount="3" falsecount="0"/>
          <line num="14" count="9" type="cond" truecount="2" falsecount="0"/>
          <line num="15" count="6" type="cond" truecount="2" falsecount="0"/>
          <line num="16" count="3" type="cond" truecount="1" falsecount="1"/>
          <line num="17" count="3" type="cond" truecount="2" falsecount="0"/>
        </file>
      </package>
      <package name="test">
        <metrics statements="1" coveredstatements="1" conditionals="0" coveredconditionals="0" methods="0" coveredmethods="0"/>
        <file name="expensesMock.js" path="/home/pawelsrebrny/public_html/the-complete-react-web-developer-course/expensify-app/src/test/expensesMock.js">
          <metrics statements="0" coveredstatements="0" conditionals="0" coveredconditionals="0" methods="0" coveredmethods="0"/>
        </file>
        <file name="setup.js" path="/home/pawelsrebrny/public_html/the-complete-react-web-developer-course/expensify-app/src/test/setup.js">
          <metrics statements="1" coveredstatements="1" conditionals="0" coveredconditionals="0" methods="0" coveredmethods="0"/>
          <line num="4" count="11" type="stmt"/>
        </file>
      </package>
    </metrics>
  </project>
</coverage>
