{"/home/pawelsrebrny/public_html/the-complete-react-web-developer-course/expensify-app/src/actions/expenses.js": {"path":"/home/pawelsrebrny/public_html/the-complete-react-web-developer-course/expensify-app/src/actions/expenses.js","statementMap":{"0":{"start":{"line":3,"column":26},"end":{"line":15,"column":1}},"1":{"start":{"line":5,"column":2},"end":{"line":14,"column":4}},"2":{"start":{"line":17,"column":29},"end":{"line":22,"column":1}},"3":{"start":{"line":18,"column":2},"end":{"line":21,"column":4}},"4":{"start":{"line":24,"column":27},"end":{"line":27,"column":2}},"5":{"start":{"line":24,"column":45},"end":{"line":27,"column":1}}},"fnMap":{"0":{"name":"(anonymous_0)","decl":{"start":{"line":3,"column":26},"end":{"line":3,"column":27}},"loc":{"start":{"line":3,"column":88},"end":{"line":15,"column":1}},"line":3},"1":{"name":"(anonymous_1)","decl":{"start":{"line":17,"column":29},"end":{"line":17,"column":30}},"loc":{"start":{"line":17,"column":42},"end":{"line":22,"column":1}},"line":17},"2":{"name":"(anonymous_2)","decl":{"start":{"line":24,"column":27},"end":{"line":24,"column":28}},"loc":{"start":{"line":24,"column":45},"end":{"line":27,"column":1}},"line":24}},"branchMap":{"0":{"loc":{"start":{"line":3,"column":28},"end":{"line":3,"column":44}},"type":"default-arg","locations":[{"start":{"line":3,"column":42},"end":{"line":3,"column":44}}],"line":3},"1":{"loc":{"start":{"line":3,"column":46},"end":{"line":3,"column":55}},"type":"default-arg","locations":[{"start":{"line":3,"column":53},"end":{"line":3,"column":55}}],"line":3},"2":{"loc":{"start":{"line":3,"column":57},"end":{"line":3,"column":67}},"type":"default-arg","locations":[{"start":{"line":3,"column":66},"end":{"line":3,"column":67}}],"line":3},"3":{"loc":{"start":{"line":3,"column":69},"end":{"line":3,"column":82}},"type":"default-arg","locations":[{"start":{"line":3,"column":81},"end":{"line":3,"column":82}}],"line":3},"4":{"loc":{"start":{"line":17,"column":30},"end":{"line":17,"column":37}},"type":"default-arg","locations":[{"start":{"line":17,"column":35},"end":{"line":17,"column":37}}],"line":17}},"s":{"0":4,"1":2,"2":4,"3":1,"4":4,"5":1},"f":{"0":2,"1":1,"2":1},"b":{"0":[1],"1":[1],"2":[1],"3":[1],"4":[0]},"_coverageSchema":"332fd63041d2c1bcb487cc26dd0d5f7d97098a6c","hash":"f81a5629f16abdac3b9483cb967b17f02faac2b5"}
,"/home/pawelsrebrny/public_html/the-complete-react-web-developer-course/expensify-app/src/actions/filters.js": {"path":"/home/pawelsrebrny/public_html/the-complete-react-web-developer-course/expensify-app/src/actions/filters.js","statementMap":{"0":{"start":{"line":2,"column":29},"end":{"line":5,"column":2}},"1":{"start":{"line":2,"column":45},"end":{"line":5,"column":1}},"2":{"start":{"line":8,"column":26},"end":{"line":10,"column":2}},"3":{"start":{"line":8,"column":33},"end":{"line":10,"column":1}},"4":{"start":{"line":13,"column":28},"end":{"line":15,"column":2}},"5":{"start":{"line":13,"column":35},"end":{"line":15,"column":1}},"6":{"start":{"line":18,"column":28},"end":{"line":21,"column":2}},"7":{"start":{"line":18,"column":44},"end":{"line":21,"column":1}},"8":{"start":{"line":24,"column":26},"end":{"line":27,"column":2}},"9":{"start":{"line":24,"column":40},"end":{"line":27,"column":1}}},"fnMap":{"0":{"name":"(anonymous_0)","decl":{"start":{"line":2,"column":29},"end":{"line":2,"column":30}},"loc":{"start":{"line":2,"column":45},"end":{"line":5,"column":1}},"line":2},"1":{"name":"(anonymous_1)","decl":{"start":{"line":8,"column":26},"end":{"line":8,"column":27}},"loc":{"start":{"line":8,"column":33},"end":{"line":10,"column":1}},"line":8},"2":{"name":"(anonymous_2)","decl":{"start":{"line":13,"column":28},"end":{"line":13,"column":29}},"loc":{"start":{"line":13,"column":35},"end":{"line":15,"column":1}},"line":13},"3":{"name":"(anonymous_3)","decl":{"start":{"line":18,"column":28},"end":{"line":18,"column":29}},"loc":{"start":{"line":18,"column":44},"end":{"line":21,"column":1}},"line":18},"4":{"name":"(anonymous_4)","decl":{"start":{"line":24,"column":26},"end":{"line":24,"column":27}},"loc":{"start":{"line":24,"column":40},"end":{"line":27,"column":1}},"line":24}},"branchMap":{"0":{"loc":{"start":{"line":2,"column":30},"end":{"line":2,"column":39}},"type":"default-arg","locations":[{"start":{"line":2,"column":37},"end":{"line":2,"column":39}}],"line":2}},"s":{"0":2,"1":2,"2":2,"3":1,"4":2,"5":1,"6":2,"7":1,"8":2,"9":1},"f":{"0":2,"1":1,"2":1,"3":1,"4":1},"b":{"0":[1]},"_coverageSchema":"332fd63041d2c1bcb487cc26dd0d5f7d97098a6c","hash":"4fa0040c32969239fff7b2d87a7a7ae93cb58cd1"}
,"/home/pawelsrebrny/public_html/the-complete-react-web-developer-course/expensify-app/src/components/DashboardPage.js": {"path":"/home/pawelsrebrny/public_html/the-complete-react-web-developer-course/expensify-app/src/components/DashboardPage.js","statementMap":{"0":{"start":{"line":5,"column":36},"end":{"line":12,"column":1}},"1":{"start":{"line":6,"column":2},"end":{"line":11,"column":4}}},"fnMap":{"0":{"name":"(anonymous_0)","decl":{"start":{"line":5,"column":36},"end":{"line":5,"column":37}},"loc":{"start":{"line":5,"column":42},"end":{"line":12,"column":1}},"line":5}},"branchMap":{},"s":{"0":1,"1":1},"f":{"0":1},"b":{},"_coverageSchema":"332fd63041d2c1bcb487cc26dd0d5f7d97098a6c","hash":"67d6aa508837186deeb47f6e4215dd9c823c708a"}
,"/home/pawelsrebrny/public_html/the-complete-react-web-developer-course/expensify-app/src/components/ExpenseForm.js": {"path":"/home/pawelsrebrny/public_html/the-complete-react-web-developer-course/expensify-app/src/components/ExpenseForm.js","statementMap":{"0":{"start":{"line":9,"column":4},"end":{"line":9,"column":24}},"1":{"start":{"line":10,"column":4},"end":{"line":17,"column":6}},"2":{"start":{"line":22,"column":24},"end":{"line":22,"column":38}},"3":{"start":{"line":23,"column":4},"end":{"line":23,"column":33}},"4":{"start":{"line":27,"column":19},"end":{"line":27,"column":33}},"5":{"start":{"line":28,"column":4},"end":{"line":30,"column":5}},"6":{"start":{"line":29,"column":6},"end":{"line":29,"column":30}},"7":{"start":{"line":35,"column":17},"end":{"line":35,"column":31}},"8":{"start":{"line":36,"column":4},"end":{"line":36,"column":26}},"9":{"start":{"line":40,"column":4},"end":{"line":42,"column":5}},"10":{"start":{"line":41,"column":6},"end":{"line":41,"column":33}},"11":{"start":{"line":46,"column":4},"end":{"line":46,"column":46}},"12":{"start":{"line":50,"column":4},"end":{"line":50,"column":23}},"13":{"start":{"line":52,"column":4},"end":{"line":63,"column":5}},"14":{"start":{"line":53,"column":6},"end":{"line":53,"column":70}},"15":{"start":{"line":55,"column":6},"end":{"line":55,"column":35}},"16":{"start":{"line":56,"column":6},"end":{"line":61,"column":9}},"17":{"start":{"line":69,"column":4},"end":{"line":103,"column":6}},"18":{"start":{"line":92,"column":38},"end":{"line":92,"column":43}}},"fnMap":{"0":{"name":"(anonymous_0)","decl":{"start":{"line":8,"column":2},"end":{"line":8,"column":3}},"loc":{"start":{"line":8,"column":21},"end":{"line":18,"column":3}},"line":8},"1":{"name":"(anonymous_1)","decl":{"start":{"line":21,"column":24},"end":{"line":21,"column":25}},"loc":{"start":{"line":21,"column":31},"end":{"line":24,"column":3}},"line":21},"2":{"name":"(anonymous_2)","decl":{"start":{"line":26,"column":19},"end":{"line":26,"column":20}},"loc":{"start":{"line":26,"column":26},"end":{"line":32,"column":3}},"line":26},"3":{"name":"(anonymous_3)","decl":{"start":{"line":34,"column":17},"end":{"line":34,"column":18}},"loc":{"start":{"line":34,"column":24},"end":{"line":37,"column":3}},"line":34},"4":{"name":"(anonymous_4)","decl":{"start":{"line":39,"column":17},"end":{"line":39,"column":18}},"loc":{"start":{"line":39,"column":32},"end":{"line":43,"column":3}},"line":39},"5":{"name":"(anonymous_5)","decl":{"start":{"line":45,"column":18},"end":{"line":45,"column":19}},"loc":{"start":{"line":45,"column":33},"end":{"line":47,"column":3}},"line":45},"6":{"name":"(anonymous_6)","decl":{"start":{"line":49,"column":13},"end":{"line":49,"column":14}},"loc":{"start":{"line":49,"column":20},"end":{"line":65,"column":3}},"line":49},"7":{"name":"(anonymous_7)","decl":{"start":{"line":68,"column":2},"end":{"line":68,"column":3}},"loc":{"start":{"line":68,"column":11},"end":{"line":104,"column":3}},"line":68},"8":{"name":"(anonymous_8)","decl":{"start":{"line":92,"column":32},"end":{"line":92,"column":33}},"loc":{"start":{"line":92,"column":38},"end":{"line":92,"column":43}},"line":92}},"branchMap":{"0":{"loc":{"start":{"line":11,"column":19},"end":{"line":11,"column":65}},"type":"cond-expr","locations":[{"start":{"line":11,"column":35},"end":{"line":11,"column":60}},{"start":{"line":11,"column":63},"end":{"line":11,"column":65}}],"line":11},"1":{"loc":{"start":{"line":12,"column":14},"end":{"line":12,"column":54}},"type":"cond-expr","locations":[{"start":{"line":12,"column":30},"end":{"line":12,"column":50}},{"start":{"line":12,"column":53},"end":{"line":12,"column":54}}],"line":12},"2":{"loc":{"start":{"line":13,"column":12},"end":{"line":13,"column":51}},"type":"cond-expr","locations":[{"start":{"line":13,"column":28},"end":{"line":13,"column":46}},{"start":{"line":13,"column":49},"end":{"line":13,"column":51}}],"line":13},"3":{"loc":{"start":{"line":14,"column":17},"end":{"line":14,"column":75}},"type":"cond-expr","locations":[{"start":{"line":14,"column":33},"end":{"line":14,"column":64}},{"start":{"line":14,"column":67},"end":{"line":14,"column":75}}],"line":14},"4":{"loc":{"start":{"line":28,"column":4},"end":{"line":30,"column":5}},"type":"if","locations":[{"start":{"line":28,"column":4},"end":{"line":30,"column":5}},{"start":{"line":28,"column":4},"end":{"line":30,"column":5}}],"line":28},"5":{"loc":{"start":{"line":28,"column":8},"end":{"line":28,"column":52}},"type":"binary-expr","locations":[{"start":{"line":28,"column":8},"end":{"line":28,"column":15}},{"start":{"line":28,"column":19},"end":{"line":28,"column":52}}],"line":28},"6":{"loc":{"start":{"line":40,"column":4},"end":{"line":42,"column":5}},"type":"if","locations":[{"start":{"line":40,"column":4},"end":{"line":42,"column":5}},{"start":{"line":40,"column":4},"end":{"line":42,"column":5}}],"line":40},"7":{"loc":{"start":{"line":52,"column":4},"end":{"line":63,"column":5}},"type":"if","locations":[{"start":{"line":52,"column":4},"end":{"line":63,"column":5}},{"start":{"line":52,"column":4},"end":{"line":63,"column":5}}],"line":52},"8":{"loc":{"start":{"line":52,"column":8},"end":{"line":52,"column":82}},"type":"binary-expr","locations":[{"start":{"line":52,"column":8},"end":{"line":52,"column":31}},{"start":{"line":52,"column":35},"end":{"line":52,"column":82}}],"line":52},"9":{"loc":{"start":{"line":52,"column":37},"end":{"line":52,"column":81}},"type":"binary-expr","locations":[{"start":{"line":52,"column":37},"end":{"line":52,"column":54}},{"start":{"line":52,"column":58},"end":{"line":52,"column":81}}],"line":52},"10":{"loc":{"start":{"line":71,"column":11},"end":{"line":71,"column":56}},"type":"binary-expr","locations":[{"start":{"line":71,"column":11},"end":{"line":71,"column":27}},{"start":{"line":71,"column":31},"end":{"line":71,"column":56}}],"line":71},"11":{"loc":{"start":{"line":100,"column":21},"end":{"line":100,"column":72}},"type":"cond-expr","locations":[{"start":{"line":100,"column":42},"end":{"line":100,"column":56}},{"start":{"line":100,"column":59},"end":{"line":100,"column":72}}],"line":100}},"s":{"0":3,"1":3,"2":0,"3":0,"4":0,"5":0,"6":0,"7":0,"8":0,"9":0,"10":0,"11":0,"12":1,"13":1,"14":1,"15":0,"16":0,"17":4,"18":0},"f":{"0":3,"1":0,"2":0,"3":0,"4":0,"5":0,"6":1,"7":4,"8":0},"b":{"0":[1,2],"1":[1,2],"2":[1,2],"3":[1,2],"4":[0,0],"5":[0,0],"6":[0,0],"7":[1,0],"8":[1,0],"9":[0,0],"10":[4,1],"11":[1,3]},"_coverageSchema":"332fd63041d2c1bcb487cc26dd0d5f7d97098a6c","hash":"97992a46c4f600f04b953443844e0c547d53fcb1"}
,"/home/pawelsrebrny/public_html/the-complete-react-web-developer-course/expensify-app/src/components/Header.js": {"path":"/home/pawelsrebrny/public_html/the-complete-react-web-developer-course/expensify-app/src/components/Header.js","statementMap":{"0":{"start":{"line":4,"column":22},"end":{"line":13,"column":1}},"1":{"start":{"line":5,"column":2},"end":{"line":12,"column":4}}},"fnMap":{"0":{"name":"(anonymous_0)","decl":{"start":{"line":4,"column":22},"end":{"line":4,"column":23}},"loc":{"start":{"line":4,"column":28},"end":{"line":13,"column":1}},"line":4}},"branchMap":{},"s":{"0":1,"1":1},"f":{"0":1},"b":{},"_coverageSchema":"332fd63041d2c1bcb487cc26dd0d5f7d97098a6c","hash":"5b37501d82bb576df31c855bd66707f1e833d6c6"}
,"/home/pawelsrebrny/public_html/the-complete-react-web-developer-course/expensify-app/src/components/NotFoundPage.js": {"path":"/home/pawelsrebrny/public_html/the-complete-react-web-developer-course/expensify-app/src/components/NotFoundPage.js","statementMap":{"0":{"start":{"line":4,"column":28},"end":{"line":6,"column":1}},"1":{"start":{"line":5,"column":2},"end":{"line":5,"column":58}}},"fnMap":{"0":{"name":"(anonymous_0)","decl":{"start":{"line":4,"column":28},"end":{"line":4,"column":29}},"loc":{"start":{"line":4,"column":34},"end":{"line":6,"column":1}},"line":4}},"branchMap":{},"s":{"0":1,"1":1},"f":{"0":1},"b":{},"_coverageSchema":"332fd63041d2c1bcb487cc26dd0d5f7d97098a6c","hash":"806e0869e057408e0d0fdeac23b362fea83358ac"}
,"/home/pawelsrebrny/public_html/the-complete-react-web-developer-course/expensify-app/src/containers/ExpenseList.js": {"path":"/home/pawelsrebrny/public_html/the-complete-react-web-developer-course/expensify-app/src/containers/ExpenseList.js","statementMap":{"0":{"start":{"line":6,"column":25},"end":{"line":26,"column":1}},"1":{"start":{"line":8,"column":22},"end":{"line":12,"column":3}},"2":{"start":{"line":9,"column":4},"end":{"line":11,"column":7}},"3":{"start":{"line":10,"column":6},"end":{"line":10,"column":62}},"4":{"start":{"line":14,"column":2},"end":{"line":25,"column":4}},"5":{"start":{"line":28,"column":24},"end":{"line":32,"column":1}},"6":{"start":{"line":29,"column":2},"end":{"line":31,"column":4}},"7":{"start":{"line":34,"column":20},"end":{"line":34,"column":62}}},"fnMap":{"0":{"name":"(anonymous_0)","decl":{"start":{"line":6,"column":25},"end":{"line":6,"column":26}},"loc":{"start":{"line":6,"column":36},"end":{"line":26,"column":1}},"line":6},"1":{"name":"(anonymous_1)","decl":{"start":{"line":8,"column":22},"end":{"line":8,"column":23}},"loc":{"start":{"line":8,"column":36},"end":{"line":12,"column":3}},"line":8},"2":{"name":"(anonymous_2)","decl":{"start":{"line":9,"column":24},"end":{"line":9,"column":25}},"loc":{"start":{"line":9,"column":37},"end":{"line":11,"column":5}},"line":9},"3":{"name":"(anonymous_3)","decl":{"start":{"line":28,"column":24},"end":{"line":28,"column":25}},"loc":{"start":{"line":28,"column":35},"end":{"line":32,"column":1}},"line":28}},"branchMap":{"0":{"loc":{"start":{"line":17,"column":10},"end":{"line":22,"column":11}},"type":"cond-expr","locations":[{"start":{"line":18,"column":14},"end":{"line":18,"column":32}},{"start":{"line":21,"column":14},"end":{"line":21,"column":41}}],"line":17}},"s":{"0":2,"1":2,"2":1,"3":3,"4":2,"5":2,"6":0,"7":2},"f":{"0":2,"1":1,"2":3,"3":0},"b":{"0":[1,1]},"_coverageSchema":"332fd63041d2c1bcb487cc26dd0d5f7d97098a6c","hash":"b9066aff413b59ebe5a4ad75453ff05fc7f489c5"}
,"/home/pawelsrebrny/public_html/the-complete-react-web-developer-course/expensify-app/src/containers/ExpenseListFilters.js": {"path":"/home/pawelsrebrny/public_html/the-complete-react-web-developer-course/expensify-app/src/containers/ExpenseListFilters.js","statementMap":{"0":{"start":{"line":14,"column":4},"end":{"line":14,"column":39}},"1":{"start":{"line":15,"column":4},"end":{"line":15,"column":35}},"2":{"start":{"line":19,"column":4},"end":{"line":21,"column":7}},"3":{"start":{"line":25,"column":4},"end":{"line":59,"column":6}},"4":{"start":{"line":31,"column":16},"end":{"line":31,"column":57}},"5":{"start":{"line":36,"column":16},"end":{"line":40,"column":17}},"6":{"start":{"line":37,"column":18},"end":{"line":37,"column":42}},"7":{"start":{"line":38,"column":23},"end":{"line":40,"column":17}},"8":{"start":{"line":39,"column":18},"end":{"line":39,"column":44}},"9":{"start":{"line":53,"column":36},"end":{"line":53,"column":41}},"10":{"start":{"line":63,"column":24},"end":{"line":67,"column":1}},"11":{"start":{"line":64,"column":2},"end":{"line":66,"column":4}},"12":{"start":{"line":69,"column":27},"end":{"line":77,"column":1}},"13":{"start":{"line":70,"column":2},"end":{"line":76,"column":15}},"14":{"start":{"line":79,"column":27},"end":{"line":79,"column":96}}},"fnMap":{"0":{"name":"(anonymous_0)","decl":{"start":{"line":13,"column":18},"end":{"line":13,"column":19}},"loc":{"start":{"line":13,"column":44},"end":{"line":16,"column":3}},"line":13},"1":{"name":"(anonymous_1)","decl":{"start":{"line":18,"column":18},"end":{"line":18,"column":19}},"loc":{"start":{"line":18,"column":31},"end":{"line":22,"column":3}},"line":18},"2":{"name":"(anonymous_2)","decl":{"start":{"line":24,"column":2},"end":{"line":24,"column":3}},"loc":{"start":{"line":24,"column":11},"end":{"line":60,"column":3}},"line":24},"3":{"name":"(anonymous_3)","decl":{"start":{"line":30,"column":24},"end":{"line":30,"column":25}},"loc":{"start":{"line":30,"column":31},"end":{"line":32,"column":15}},"line":30},"4":{"name":"(anonymous_4)","decl":{"start":{"line":35,"column":24},"end":{"line":35,"column":25}},"loc":{"start":{"line":35,"column":31},"end":{"line":41,"column":15}},"line":35},"5":{"name":"(anonymous_5)","decl":{"start":{"line":53,"column":30},"end":{"line":53,"column":31}},"loc":{"start":{"line":53,"column":36},"end":{"line":53,"column":41}},"line":53},"6":{"name":"(anonymous_6)","decl":{"start":{"line":63,"column":24},"end":{"line":63,"column":25}},"loc":{"start":{"line":63,"column":35},"end":{"line":67,"column":1}},"line":63},"7":{"name":"(anonymous_7)","decl":{"start":{"line":69,"column":27},"end":{"line":69,"column":28}},"loc":{"start":{"line":69,"column":41},"end":{"line":77,"column":1}},"line":69}},"branchMap":{"0":{"loc":{"start":{"line":36,"column":16},"end":{"line":40,"column":17}},"type":"if","locations":[{"start":{"line":36,"column":16},"end":{"line":40,"column":17}},{"start":{"line":36,"column":16},"end":{"line":40,"column":17}}],"line":36},"1":{"loc":{"start":{"line":38,"column":23},"end":{"line":40,"column":17}},"type":"if","locations":[{"start":{"line":38,"column":23},"end":{"line":40,"column":17}},{"start":{"line":38,"column":23},"end":{"line":40,"column":17}}],"line":38}},"s":{"0":0,"1":0,"2":0,"3":0,"4":0,"5":0,"6":0,"7":0,"8":0,"9":0,"10":1,"11":0,"12":1,"13":0,"14":1},"f":{"0":0,"1":0,"2":0,"3":0,"4":0,"5":0,"6":0,"7":0},"b":{"0":[0,0],"1":[0,0]},"_coverageSchema":"332fd63041d2c1bcb487cc26dd0d5f7d97098a6c","hash":"a38fe061bb62f1522275b1938468d00728758e25"}
,"/home/pawelsrebrny/public_html/the-complete-react-web-developer-course/expensify-app/src/containers/ExpenseListItem.js": {"path":"/home/pawelsrebrny/public_html/the-complete-react-web-developer-course/expensify-app/src/containers/ExpenseListItem.js","statementMap":{"0":{"start":{"line":7,"column":36},"end":{"line":18,"column":1}},"1":{"start":{"line":8,"column":45},"end":{"line":8,"column":50}},"2":{"start":{"line":9,"column":2},"end":{"line":17,"column":4}},"3":{"start":{"line":15,"column":31},"end":{"line":15,"column":54}},"4":{"start":{"line":20,"column":27},"end":{"line":24,"column":1}},"5":{"start":{"line":21,"column":2},"end":{"line":23,"column":15}},"6":{"start":{"line":26,"column":31},"end":{"line":26,"column":86}}},"fnMap":{"0":{"name":"(anonymous_0)","decl":{"start":{"line":7,"column":36},"end":{"line":7,"column":37}},"loc":{"start":{"line":7,"column":47},"end":{"line":18,"column":1}},"line":7},"1":{"name":"(anonymous_1)","decl":{"start":{"line":15,"column":25},"end":{"line":15,"column":26}},"loc":{"start":{"line":15,"column":31},"end":{"line":15,"column":54}},"line":15},"2":{"name":"(anonymous_2)","decl":{"start":{"line":20,"column":27},"end":{"line":20,"column":28}},"loc":{"start":{"line":20,"column":41},"end":{"line":24,"column":1}},"line":20}},"branchMap":{},"s":{"0":3,"1":2,"2":2,"3":0,"4":3,"5":0,"6":3},"f":{"0":2,"1":0,"2":0},"b":{},"_coverageSchema":"332fd63041d2c1bcb487cc26dd0d5f7d97098a6c","hash":"8a2578438fdeddd23f1bf2e007168bb6ddcd3d44"}
,"/home/pawelsrebrny/public_html/the-complete-react-web-developer-course/expensify-app/src/reducers/expenses.js": {"path":"/home/pawelsrebrny/public_html/the-complete-react-web-developer-course/expensify-app/src/reducers/expenses.js","statementMap":{"0":{"start":{"line":3,"column":36},"end":{"line":3,"column":38}},"1":{"start":{"line":6,"column":2},"end":{"line":29,"column":3}},"2":{"start":{"line":8,"column":6},"end":{"line":11,"column":8}},"3":{"start":{"line":13,"column":6},"end":{"line":13,"column":62}},"4":{"start":{"line":13,"column":36},"end":{"line":13,"column":60}},"5":{"start":{"line":15,"column":6},"end":{"line":24,"column":9}},"6":{"start":{"line":16,"column":8},"end":{"line":23,"column":9}},"7":{"start":{"line":17,"column":10},"end":{"line":20,"column":12}},"8":{"start":{"line":22,"column":10},"end":{"line":22,"column":25}},"9":{"start":{"line":26,"column":6},"end":{"line":26,"column":28}},"10":{"start":{"line":28,"column":6},"end":{"line":28,"column":19}}},"fnMap":{"0":{"name":"(anonymous_0)","decl":{"start":{"line":5,"column":15},"end":{"line":5,"column":16}},"loc":{"start":{"line":5,"column":64},"end":{"line":30,"column":1}},"line":5},"1":{"name":"(anonymous_1)","decl":{"start":{"line":13,"column":26},"end":{"line":13,"column":27}},"loc":{"start":{"line":13,"column":36},"end":{"line":13,"column":60}},"line":13},"2":{"name":"(anonymous_2)","decl":{"start":{"line":15,"column":23},"end":{"line":15,"column":24}},"loc":{"start":{"line":15,"column":36},"end":{"line":24,"column":7}},"line":15}},"branchMap":{"0":{"loc":{"start":{"line":5,"column":16},"end":{"line":5,"column":51}},"type":"default-arg","locations":[{"start":{"line":5,"column":24},"end":{"line":5,"column":51}}],"line":5},"1":{"loc":{"start":{"line":6,"column":2},"end":{"line":29,"column":3}},"type":"switch","locations":[{"start":{"line":7,"column":4},"end":{"line":11,"column":8}},{"start":{"line":12,"column":4},"end":{"line":13,"column":62}},{"start":{"line":14,"column":4},"end":{"line":24,"column":9}},{"start":{"line":25,"column":4},"end":{"line":26,"column":28}},{"start":{"line":27,"column":4},"end":{"line":28,"column":19}}],"line":6},"2":{"loc":{"start":{"line":16,"column":8},"end":{"line":23,"column":9}},"type":"if","locations":[{"start":{"line":16,"column":8},"end":{"line":23,"column":9}},{"start":{"line":16,"column":8},"end":{"line":23,"column":9}}],"line":16}},"s":{"0":1,"1":6,"2":1,"3":2,"4":6,"5":2,"6":6,"7":1,"8":5,"9":0,"10":1},"f":{"0":6,"1":6,"2":6},"b":{"0":[1],"1":[1,2,2,0,1],"2":[1,5]},"_coverageSchema":"332fd63041d2c1bcb487cc26dd0d5f7d97098a6c","hash":"f5891f4e2009ec8ca8598be939b02c7fab802432"}
,"/home/pawelsrebrny/public_html/the-complete-react-web-developer-course/expensify-app/src/reducers/filters.js": {"path":"/home/pawelsrebrny/public_html/the-complete-react-web-developer-course/expensify-app/src/reducers/filters.js","statementMap":{"0":{"start":{"line":5,"column":35},"end":{"line":10,"column":1}},"1":{"start":{"line":13,"column":2},"end":{"line":41,"column":3}},"2":{"start":{"line":15,"column":6},"end":{"line":18,"column":8}},"3":{"start":{"line":20,"column":6},"end":{"line":23,"column":8}},"4":{"start":{"line":25,"column":6},"end":{"line":28,"column":8}},"5":{"start":{"line":30,"column":6},"end":{"line":33,"column":8}},"6":{"start":{"line":35,"column":6},"end":{"line":38,"column":8}},"7":{"start":{"line":40,"column":6},"end":{"line":40,"column":19}}},"fnMap":{"0":{"name":"(anonymous_0)","decl":{"start":{"line":12,"column":15},"end":{"line":12,"column":16}},"loc":{"start":{"line":12,"column":63},"end":{"line":42,"column":1}},"line":12}},"branchMap":{"0":{"loc":{"start":{"line":12,"column":16},"end":{"line":12,"column":50}},"type":"default-arg","locations":[{"start":{"line":12,"column":24},"end":{"line":12,"column":50}}],"line":12},"1":{"loc":{"start":{"line":13,"column":2},"end":{"line":41,"column":3}},"type":"switch","locations":[{"start":{"line":14,"column":4},"end":{"line":18,"column":8}},{"start":{"line":19,"column":4},"end":{"line":23,"column":8}},{"start":{"line":24,"column":4},"end":{"line":28,"column":8}},{"start":{"line":29,"column":4},"end":{"line":33,"column":8}},{"start":{"line":34,"column":4},"end":{"line":38,"column":8}},{"start":{"line":39,"column":4},"end":{"line":40,"column":19}}],"line":13}},"s":{"0":1,"1":6,"2":1,"3":1,"4":1,"5":1,"6":1,"7":1},"f":{"0":6},"b":{"0":[1],"1":[1,1,1,1,1,1]},"_coverageSchema":"332fd63041d2c1bcb487cc26dd0d5f7d97098a6c","hash":"68183a521cfd800c7856579ceb8c589f64a77591"}
,"/home/pawelsrebrny/public_html/the-complete-react-web-developer-course/expensify-app/src/selectors/expenses.js": {"path":"/home/pawelsrebrny/public_html/the-complete-react-web-developer-course/expensify-app/src/selectors/expenses.js","statementMap":{"0":{"start":{"line":6,"column":2},"end":{"line":19,"column":5}},"1":{"start":{"line":7,"column":28},"end":{"line":7,"column":53}},"2":{"start":{"line":8,"column":27},"end":{"line":8,"column":94}},"3":{"start":{"line":9,"column":25},"end":{"line":9,"column":87}},"4":{"start":{"line":10,"column":22},"end":{"line":10,"column":84}},"5":{"start":{"line":12,"column":4},"end":{"line":12,"column":55}},"6":{"start":{"line":14,"column":4},"end":{"line":18,"column":5}},"7":{"start":{"line":15,"column":6},"end":{"line":15,"column":48}},"8":{"start":{"line":16,"column":11},"end":{"line":18,"column":5}},"9":{"start":{"line":17,"column":6},"end":{"line":17,"column":42}}},"fnMap":{"0":{"name":"(anonymous_0)","decl":{"start":{"line":5,"column":15},"end":{"line":5,"column":16}},"loc":{"start":{"line":5,"column":65},"end":{"line":20,"column":1}},"line":5},"1":{"name":"(anonymous_1)","decl":{"start":{"line":6,"column":25},"end":{"line":6,"column":26}},"loc":{"start":{"line":6,"column":38},"end":{"line":13,"column":3}},"line":6},"2":{"name":"(anonymous_2)","decl":{"start":{"line":13,"column":10},"end":{"line":13,"column":11}},"loc":{"start":{"line":13,"column":20},"end":{"line":19,"column":3}},"line":13}},"branchMap":{"0":{"loc":{"start":{"line":8,"column":27},"end":{"line":8,"column":94}},"type":"cond-expr","locations":[{"start":{"line":8,"column":39},"end":{"line":8,"column":87}},{"start":{"line":8,"column":90},"end":{"line":8,"column":94}}],"line":8},"1":{"loc":{"start":{"line":9,"column":25},"end":{"line":9,"column":87}},"type":"cond-expr","locations":[{"start":{"line":9,"column":35},"end":{"line":9,"column":80}},{"start":{"line":9,"column":83},"end":{"line":9,"column":87}}],"line":9},"2":{"loc":{"start":{"line":12,"column":11},"end":{"line":12,"column":54}},"type":"binary-expr","locations":[{"start":{"line":12,"column":11},"end":{"line":12,"column":25}},{"start":{"line":12,"column":29},"end":{"line":12,"column":41}},{"start":{"line":12,"column":45},"end":{"line":12,"column":54}}],"line":12},"3":{"loc":{"start":{"line":14,"column":4},"end":{"line":18,"column":5}},"type":"if","locations":[{"start":{"line":14,"column":4},"end":{"line":18,"column":5}},{"start":{"line":14,"column":4},"end":{"line":18,"column":5}}],"line":14},"4":{"loc":{"start":{"line":15,"column":13},"end":{"line":15,"column":47}},"type":"cond-expr","locations":[{"start":{"line":15,"column":41},"end":{"line":15,"column":42}},{"start":{"line":15,"column":45},"end":{"line":15,"column":47}}],"line":15},"5":{"loc":{"start":{"line":16,"column":11},"end":{"line":18,"column":5}},"type":"if","locations":[{"start":{"line":16,"column":11},"end":{"line":18,"column":5}},{"start":{"line":16,"column":11},"end":{"line":18,"column":5}}],"line":16},"6":{"loc":{"start":{"line":17,"column":13},"end":{"line":17,"column":41}},"type":"cond-expr","locations":[{"start":{"line":17,"column":35},"end":{"line":17,"column":36}},{"start":{"line":17,"column":39},"end":{"line":17,"column":41}}],"line":17}},"s":{"0":5,"1":15,"2":15,"3":15,"4":15,"5":15,"6":9,"7":6,"8":3,"9":3},"f":{"0":5,"1":15,"2":9},"b":{"0":[3,12],"1":[3,12],"2":[15,14,13],"3":[6,3],"4":[4,2],"5":[3,0],"6":[2,1]},"_coverageSchema":"332fd63041d2c1bcb487cc26dd0d5f7d97098a6c","hash":"e32daac151e2d757fbe6b809ce5b9b615afa7548"}
,"/home/pawelsrebrny/public_html/the-complete-react-web-developer-course/expensify-app/src/test/expensesMock.js": {"path":"/home/pawelsrebrny/public_html/the-complete-react-web-developer-course/expensify-app/src/test/expensesMock.js","statementMap":{},"fnMap":{},"branchMap":{},"s":{},"f":{},"b":{},"_coverageSchema":"332fd63041d2c1bcb487cc26dd0d5f7d97098a6c","hash":"4af6992a9f4fa8e9ddf94df6e36499cbb9bc2977"}
,"/home/pawelsrebrny/public_html/the-complete-react-web-developer-course/expensify-app/src/test/setup.js": {"path":"/home/pawelsrebrny/public_html/the-complete-react-web-developer-course/expensify-app/src/test/setup.js","statementMap":{"0":{"start":{"line":4,"column":0},"end":{"line":6,"column":3}}},"fnMap":{},"branchMap":{},"s":{"0":11},"f":{},"b":{},"_coverageSchema":"332fd63041d2c1bcb487cc26dd0d5f7d97098a6c","hash":"3049cb1728e53600d6a498091b1cf534f15ee16e"}
}
