TN:
SF:/home/pawelsrebrny/public_html/the-complete-react-web-developer-course/expensify-app/src/actions/expenses.js
FN:3,(anonymous_0)
FN:17,(anonymous_1)
FN:24,(anonymous_2)
FNF:3
FNH:3
FNDA:2,(anonymous_0)
FNDA:1,(anonymous_1)
FNDA:1,(anonymous_2)
DA:3,4
DA:5,2
DA:17,4
DA:18,1
DA:24,4
LF:5
LH:5
BRDA:3,0,0,1
BRDA:3,1,0,1
BRDA:3,2,0,1
BRDA:3,3,0,1
BRDA:17,4,0,0
BRF:5
BRH:4
end_of_record
TN:
SF:/home/pawelsrebrny/public_html/the-complete-react-web-developer-course/expensify-app/src/actions/filters.js
FN:2,(anonymous_0)
FN:8,(anonymous_1)
FN:13,(anonymous_2)
FN:18,(anonymous_3)
FN:24,(anonymous_4)
FNF:5
FNH:5
FNDA:2,(anonymous_0)
FNDA:1,(anonymous_1)
FNDA:1,(anonymous_2)
FNDA:1,(anonymous_3)
FNDA:1,(anonymous_4)
DA:2,2
DA:8,2
DA:13,2
DA:18,2
DA:24,2
LF:5
LH:5
BRDA:2,0,0,1
BRF:1
BRH:1
end_of_record
TN:
SF:/home/pawelsrebrny/public_html/the-complete-react-web-developer-course/expensify-app/src/components/DashboardPage.js
FN:5,(anonymous_0)
FNF:1
FNH:1
FNDA:1,(anonymous_0)
DA:5,1
DA:6,1
LF:2
LH:2
BRF:0
BRH:0
end_of_record
TN:
SF:/home/pawelsrebrny/public_html/the-complete-react-web-developer-course/expensify-app/src/components/ExpenseForm.js
FN:8,(anonymous_0)
FN:21,(anonymous_1)
FN:26,(anonymous_2)
FN:34,(anonymous_3)
FN:39,(anonymous_4)
FN:45,(anonymous_5)
FN:49,(anonymous_6)
FN:68,(anonymous_7)
FN:92,(anonymous_8)
FNF:9
FNH:3
FNDA:3,(anonymous_0)
FNDA:0,(anonymous_1)
FNDA:0,(anonymous_2)
FNDA:0,(anonymous_3)
FNDA:0,(anonymous_4)
FNDA:0,(anonymous_5)
FNDA:1,(anonymous_6)
FNDA:4,(anonymous_7)
FNDA:0,(anonymous_8)
DA:9,3
DA:10,3
DA:22,0
DA:23,0
DA:27,0
DA:28,0
DA:29,0
DA:35,0
DA:36,0
DA:40,0
DA:41,0
DA:46,0
DA:50,1
DA:52,1
DA:53,1
DA:55,0
DA:56,0
DA:69,4
DA:92,0
LF:19
LH:6
BRDA:11,0,0,1
BRDA:11,0,1,2
BRDA:12,1,0,1
BRDA:12,1,1,2
BRDA:13,2,0,1
BRDA:13,2,1,2
BRDA:14,3,0,1
BRDA:14,3,1,2
BRDA:28,4,0,0
BRDA:28,4,1,0
BRDA:28,5,0,0
BRDA:28,5,1,0
BRDA:40,6,0,0
BRDA:40,6,1,0
BRDA:52,7,0,1
BRDA:52,7,1,0
BRDA:52,8,0,1
BRDA:52,8,1,0
BRDA:52,9,0,0
BRDA:52,9,1,0
BRDA:71,10,0,4
BRDA:71,10,1,1
BRDA:100,11,0,1
BRDA:100,11,1,3
BRF:24
BRH:14
end_of_record
TN:
SF:/home/pawelsrebrny/public_html/the-complete-react-web-developer-course/expensify-app/src/components/Header.js
FN:4,(anonymous_0)
FNF:1
FNH:1
FNDA:1,(anonymous_0)
DA:4,1
DA:5,1
LF:2
LH:2
BRF:0
BRH:0
end_of_record
TN:
SF:/home/pawelsrebrny/public_html/the-complete-react-web-developer-course/expensify-app/src/components/NotFoundPage.js
FN:4,(anonymous_0)
FNF:1
FNH:1
FNDA:1,(anonymous_0)
DA:4,1
DA:5,1
LF:2
LH:2
BRF:0
BRH:0
end_of_record
TN:
SF:/home/pawelsrebrny/public_html/the-complete-react-web-developer-course/expensify-app/src/containers/ExpenseList.js
FN:6,(anonymous_0)
FN:8,(anonymous_1)
FN:9,(anonymous_2)
FN:28,(anonymous_3)
FNF:4
FNH:3
FNDA:2,(anonymous_0)
FNDA:1,(anonymous_1)
FNDA:3,(anonymous_2)
FNDA:0,(anonymous_3)
DA:6,2
DA:8,2
DA:9,1
DA:10,3
DA:14,2
DA:28,2
DA:29,0
DA:34,2
LF:8
LH:7
BRDA:17,0,0,1
BRDA:17,0,1,1
BRF:2
BRH:2
end_of_record
TN:
SF:/home/pawelsrebrny/public_html/the-complete-react-web-developer-course/expensify-app/src/containers/ExpenseListFilters.js
FN:13,(anonymous_0)
FN:18,(anonymous_1)
FN:24,(anonymous_2)
FN:30,(anonymous_3)
FN:35,(anonymous_4)
FN:53,(anonymous_5)
FN:63,(anonymous_6)
FN:69,(anonymous_7)
FNF:8
FNH:0
FNDA:0,(anonymous_0)
FNDA:0,(anonymous_1)
FNDA:0,(anonymous_2)
FNDA:0,(anonymous_3)
FNDA:0,(anonymous_4)
FNDA:0,(anonymous_5)
FNDA:0,(anonymous_6)
FNDA:0,(anonymous_7)
DA:14,0
DA:15,0
DA:19,0
DA:25,0
DA:31,0
DA:36,0
DA:37,0
DA:38,0
DA:39,0
DA:53,0
DA:63,1
DA:64,0
DA:69,1
DA:70,0
DA:79,1
LF:15
LH:3
BRDA:36,0,0,0
BRDA:36,0,1,0
BRDA:38,1,0,0
BRDA:38,1,1,0
BRF:4
BRH:0
end_of_record
TN:
SF:/home/pawelsrebrny/public_html/the-complete-react-web-developer-course/expensify-app/src/containers/ExpenseListItem.js
FN:7,(anonymous_0)
FN:15,(anonymous_1)
FN:20,(anonymous_2)
FNF:3
FNH:1
FNDA:2,(anonymous_0)
FNDA:0,(anonymous_1)
FNDA:0,(anonymous_2)
DA:7,3
DA:8,2
DA:9,2
DA:15,0
DA:20,3
DA:21,0
DA:26,3
LF:7
LH:5
BRF:0
BRH:0
end_of_record
TN:
SF:/home/pawelsrebrny/public_html/the-complete-react-web-developer-course/expensify-app/src/reducers/expenses.js
FN:5,(anonymous_0)
FN:13,(anonymous_1)
FN:15,(anonymous_2)
FNF:3
FNH:3
FNDA:6,(anonymous_0)
FNDA:6,(anonymous_1)
FNDA:6,(anonymous_2)
DA:3,1
DA:6,6
DA:8,1
DA:13,6
DA:15,2
DA:16,6
DA:17,1
DA:22,5
DA:26,0
DA:28,1
LF:10
LH:9
BRDA:5,0,0,1
BRDA:6,1,0,1
BRDA:6,1,1,2
BRDA:6,1,2,2
BRDA:6,1,3,0
BRDA:6,1,4,1
BRDA:16,2,0,1
BRDA:16,2,1,5
BRF:8
BRH:7
end_of_record
TN:
SF:/home/pawelsrebrny/public_html/the-complete-react-web-developer-course/expensify-app/src/reducers/filters.js
FN:12,(anonymous_0)
FNF:1
FNH:1
FNDA:6,(anonymous_0)
DA:5,1
DA:13,6
DA:15,1
DA:20,1
DA:25,1
DA:30,1
DA:35,1
DA:40,1
LF:8
LH:8
BRDA:12,0,0,1
BRDA:13,1,0,1
BRDA:13,1,1,1
BRDA:13,1,2,1
BRDA:13,1,3,1
BRDA:13,1,4,1
BRDA:13,1,5,1
BRF:7
BRH:7
end_of_record
TN:
SF:/home/pawelsrebrny/public_html/the-complete-react-web-developer-course/expensify-app/src/selectors/expenses.js
FN:5,(anonymous_0)
FN:6,(anonymous_1)
FN:13,(anonymous_2)
FNF:3
FNH:3
FNDA:5,(anonymous_0)
FNDA:15,(anonymous_1)
FNDA:9,(anonymous_2)
DA:6,5
DA:7,15
DA:8,15
DA:9,15
DA:10,15
DA:12,15
DA:14,9
DA:15,6
DA:16,3
DA:17,3
LF:10
LH:10
BRDA:8,0,0,3
BRDA:8,0,1,12
BRDA:9,1,0,3
BRDA:9,1,1,12
BRDA:12,2,0,15
BRDA:12,2,1,14
BRDA:12,2,2,13
BRDA:14,3,0,6
BRDA:14,3,1,3
BRDA:15,4,0,4
BRDA:15,4,1,2
BRDA:16,5,0,3
BRDA:16,5,1,0
BRDA:17,6,0,2
BRDA:17,6,1,1
BRF:15
BRH:14
end_of_record
TN:
SF:/home/pawelsrebrny/public_html/the-complete-react-web-developer-course/expensify-app/src/test/expensesMock.js
FNF:0
FNH:0
LF:0
LH:0
BRF:0
BRH:0
end_of_record
TN:
SF:/home/pawelsrebrny/public_html/the-complete-react-web-developer-course/expensify-app/src/test/setup.js
FNF:0
FNH:0
DA:4,11
LF:1
LH:1
BRF:0
BRH:0
end_of_record
